Integration verification (Cloud Agent, 2026-05-11)
Branch: orch/architecture-todo-impl-9ea4/integrate-architecture-backlog-closeout
Baseline: merged origin/orch/architecture-todo-impl-9ea4/close-theme5-mutation-lifecycle
         with origin/orch/architecture-todo-impl-9ea4/close-remaining-architecture-themes (ort merge).

FE
--
1) npm run typecheck
   Exit 0 (tsc --noEmit).

2) npx jest --testPathPatterns="useAgentToolResolver|feTools/index" --no-cache
   Test Suites: 2 passed, 2 total; Tests: 25 passed, 25 total.

3) npx jest --testPathPatterns=useAgent --no-cache
   Test Suites: 5 passed, 5 total; Tests: 64 passed, 64 total.

4) npx jest src/utils/ai/mapErrorResponse.test.ts --no-cache
   Test Suites: 1 passed, 1 total; Tests: 24 passed, 24 total.

5) CI=true npm test -- --watchAll=false (default worker pool) and
   CI=true npx jest --watchAll=false --runInBand
   Did not yield timely completion in this environment (no summary captured).
   For full-suite parity use the command recipe in docs/todo/release-todo.md
   and compare to docs/verification-logs/ when available.

BE
--
cd backend && python3 -m venv .venv && .venv/bin/pip install -e '.[dev,ai]'
.venv/bin/pytest tests/test_chat_mutation_lifecycle.py -v --tb=short -o addopts=
4 passed.

Upstream theme logs (not re-run on this integration commit):
- docs/verification/close-theme5-mutation-lifecycle-verifier-report.md
- docs/verification/close-remaining-architecture-themes-verifier-036a.log
